[2026-01-12 12:39:54] INFO - Log guardado en: /Users/danilomelo/Desktop/Prueba_Mercado_Libre/Ejercicio_2/outputs/logs/pipeline_completo_20260112_123954.log
[2026-01-12 12:39:54] INFO - 
[2026-01-12 12:39:54] INFO - ================================================================================
[2026-01-12 12:39:54] INFO - PIPELINE COMPLETO - ANÁLISIS DE GRAFOS DE URLs
[2026-01-12 12:39:54] INFO - ================================================================================
[2026-01-12 12:39:54] INFO - 
[2026-01-12 12:39:54] INFO - Este script ejecutará las siguientes fases:
[2026-01-12 12:39:54] INFO -   1. Selección de subgrafo
[2026-01-12 12:39:54] INFO -   2. Análisis estadístico del grafo
[2026-01-12 12:39:54] INFO -   3. Cálculo de métricas de centralidad
[2026-01-12 12:39:54] INFO -   4. Ranking y análisis de roles Top-20
[2026-01-12 12:39:54] INFO -   5. Visualización del grafo
[2026-01-12 12:39:54] INFO -   6. Simulación de propagación
[2026-01-12 12:39:54] INFO -   7. Generación de recomendaciones accionables
[2026-01-12 12:39:54] INFO - 
[2026-01-12 12:39:54] INFO - 
[2026-01-12 12:39:54] INFO - ================================================================================
[2026-01-12 12:39:54] INFO - EJECUTANDO FASE 1: fase1_seleccion_subgrafo
[2026-01-12 12:39:54] INFO - ================================================================================
[2026-01-12 12:40:04] INFO - ✓ FASE 1 completada exitosamente
[2026-01-12 12:40:04] INFO - 
[2026-01-12 12:40:04] INFO - ================================================================================
[2026-01-12 12:40:04] INFO - EJECUTANDO FASE 2: fase2_analisis_grafo
[2026-01-12 12:40:04] INFO - ================================================================================
[2026-01-12 12:40:04] INFO - ✓ FASE 2 completada exitosamente
[2026-01-12 12:40:04] INFO - 
[2026-01-12 12:40:04] INFO - ================================================================================
[2026-01-12 12:40:04] INFO - EJECUTANDO FASE 3: fase3_metricas_centralidad
[2026-01-12 12:40:04] INFO - ================================================================================
[2026-01-12 12:40:08] INFO - ✓ FASE 3 completada exitosamente
[2026-01-12 12:40:08] INFO - 
[2026-01-12 12:40:08] INFO - ================================================================================
[2026-01-12 12:40:08] INFO - EJECUTANDO FASE 4: fase4_ranking_top20
[2026-01-12 12:40:08] INFO - ================================================================================
[2026-01-12 12:40:08] INFO - ✓ FASE 4 completada exitosamente
[2026-01-12 12:40:08] INFO - 
[2026-01-12 12:40:08] INFO - ================================================================================
[2026-01-12 12:40:08] INFO - EJECUTANDO FASE 5: fase5_visualizacion
[2026-01-12 12:40:08] INFO - ================================================================================
[2026-01-12 12:40:24] INFO - ✓ FASE 5 completada exitosamente
[2026-01-12 12:40:24] INFO - 
[2026-01-12 12:40:24] INFO - ================================================================================
[2026-01-12 12:40:24] INFO - EJECUTANDO FASE 6: fase6_propagacion
[2026-01-12 12:40:24] INFO - ================================================================================
[2026-01-12 12:40:26] INFO - ✓ FASE 6 completada exitosamente
[2026-01-12 12:40:26] INFO - 
[2026-01-12 12:40:26] INFO - ================================================================================
[2026-01-12 12:40:26] INFO - EJECUTANDO FASE 7: fase7_recomendaciones_ecommerce
[2026-01-12 12:40:26] INFO - ================================================================================
[2026-01-12 12:40:26] INFO - ✓ FASE 7 completada exitosamente
[2026-01-12 12:40:26] INFO - 
[2026-01-12 12:40:26] INFO - ================================================================================
[2026-01-12 12:40:26] INFO - PIPELINE COMPLETADO
[2026-01-12 12:40:26] INFO - ================================================================================
[2026-01-12 12:40:26] INFO - ✓ 7/7 fases ejecutadas exitosamente
[2026-01-12 12:40:26] INFO - 
[2026-01-12 12:40:26] INFO - ARCHIVOS GENERADOS:
[2026-01-12 12:40:26] INFO -   - Datos procesados: outputs/results
[2026-01-12 12:40:26] INFO -   - Visualizaciones: outputs/visualizaciones
[2026-01-12 12:40:26] INFO -   - Propagación: outputs/propagacion
[2026-01-12 12:40:26] INFO -   - Recomendaciones: outputs/recomendaciones
[2026-01-12 12:40:26] INFO - 
[2026-01-12 12:40:26] INFO - PROXIMOS PASOS:
[2026-01-12 12:40:26] INFO -   1. Revisar visualizaciones en outputs/visualizaciones/
[2026-01-12 12:40:26] INFO -   2. Abrir grafo interactivo: outputs/visualizaciones/fase5_grafo_interactivo.html
[2026-01-12 12:40:26] INFO -   3. Leer recomendaciones: outputs/recomendaciones/fase7_recomendaciones.md
[2026-01-12 12:40:26] INFO - 
[2026-01-12 12:40:26] INFO - LOG GUARDADO EN: /Users/danilomelo/Desktop/Prueba_Mercado_Libre/Ejercicio_2/outputs/logs/pipeline_completo_20260112_123954.log
[2026-01-12 12:40:26] INFO - ================================================================================
